************* Module tw2
C:  1: Missing docstring
************* Module tw2.jit.samples
W:485: TODO -- working here.. quotes are broke.
C:  1: Missing docstring
E:  2: No name 'core' in module 'tw2'
F:  2: Unable to import 'tw2.core.resources'
C:  8:DemoAreaChart: Missing docstring
W:  8:DemoAreaChart: Class has no __init__ method
R:  8:DemoAreaChart: Too few public methods (1/2)
C: 32:DemoBarChart: Missing docstring
W: 32:DemoBarChart: Class has no __init__ method
R: 32:DemoBarChart: Too few public methods (1/2)
C: 38:DemoPieChart: Missing docstring
W: 38:DemoPieChart: Class has no __init__ method
R: 38:DemoPieChart: Too few public methods (1/2)
C: 45:DemoRadialGraph: Missing docstring
W: 45:DemoRadialGraph: Class has no __init__ method
R: 45:DemoRadialGraph: Too few public methods (1/2)
C:108:DemoForceDirectedGraph: Missing docstring
W:108:DemoForceDirectedGraph: Class has no __init__ method
R:108:DemoForceDirectedGraph: Too few public methods (1/2)
C:212:DemoTreeMap: Missing docstring
W:212:DemoTreeMap: Class has no __init__ method
R:212:DemoTreeMap: Too few public methods (1/2)
C:256:DemoSunburst: Missing docstring
W:256:DemoSunburst: Class has no __init__ method
R:256:DemoSunburst: Too few public methods (1/2)
C:343:DemoHyperTree: Missing docstring
W:343:DemoHyperTree: Class has no __init__ method
R:343:DemoHyperTree: Too few public methods (1/2)
C:391:DemoSpaceTree: Missing docstring
W:391:DemoSpaceTree: Class has no __init__ method
R:391:DemoSpaceTree: Too few public methods (1/2)
C:469:DemoIcicle: Missing docstring
W:469:DemoIcicle: Class has no __init__ method
R:469:DemoIcicle: Too few public methods (1/2)
************* Module tw2.jit.samples_data
C:147: Line too long (86/80)
C:200: Line too long (86/80)
C:221: Line too long (90/80)
C:232: Line too long (90/80)
C:264: Line too long (86/80)
C:275: Line too long (86/80)
C:286: Line too long (86/80)
C:328: Line too long (98/80)
C:592: Line too long (98/80)
C:624: Line too long (98/80)
C:709: Line too long (86/80)
C:805: Line too long (86/80)
C:1377: Line too long (206/80)
C:1383: Line too long (155/80)
C:1391: Line too long (202/80)
C:1397: Line too long (151/80)
C:1405: Line too long (489/80)
C:1411: Line too long (143/80)
C:1418: Line too long (142/80)
C:1425: Line too long (137/80)
C:1432: Line too long (133/80)
C:1439: Line too long (136/80)
C:1446: Line too long (141/80)
C:1454: Line too long (432/80)
C:1460: Line too long (146/80)
C:1467: Line too long (145/80)
C:1474: Line too long (133/80)
C:1481: Line too long (140/80)
C:1488: Line too long (144/80)
C:1496: Line too long (391/80)
C:1502: Line too long (145/80)
C:1509: Line too long (150/80)
C:1516: Line too long (137/80)
C:1523: Line too long (150/80)
C:1531: Line too long (495/80)
C:1537: Line too long (139/80)
C:1544: Line too long (146/80)
C:1551: Line too long (146/80)
C:1558: Line too long (136/80)
C:1565: Line too long (142/80)
C:1572: Line too long (144/80)
C:1580: Line too long (560/80)
C:1586: Line too long (139/80)
C:1593: Line too long (145/80)
C:1600: Line too long (139/80)
C:1607: Line too long (151/80)
C:1614: Line too long (148/80)
C:1621: Line too long (135/80)
C:1628: Line too long (137/80)
C:1636: Line too long (188/80)
C:1642: Line too long (136/80)
C:1650: Line too long (277/80)
C:1656: Line too long (147/80)
C:1663: Line too long (163/80)
C:1671: Line too long (206/80)
C:1677: Line too long (154/80)
C:1685: Line too long (422/80)
C:1691: Line too long (136/80)
C:1698: Line too long (132/80)
C:1705: Line too long (147/80)
C:1712: Line too long (132/80)
C:1719: Line too long (139/80)
C:1725: Line too long (751/80)
C:1735: Line too long (183/80)
C:1747: Line too long (83/80)
C:1796: Line too long (183/80)
C:1821: Line too long (96/80)
C:1832: Line too long (92/80)
C:1882: Line too long (173/80)
C:1906: Line too long (153/80)
C:1931: Line too long (183/80)
C:1955: Line too long (183/80)
C:1979: Line too long (183/80)
C:2029: Line too long (83/80)
C:2053: Line too long (131/80)
C:2077: Line too long (1350/80)
C:2101: Line too long (183/80)
C:2113: Line too long (196/80)
C:2125: Line too long (131/80)
C:2137: Line too long (194/80)
C:2149: Line too long (1350/80)
C:2173: Line too long (91/80)
C:2185: Line too long (196/80)
C:2208: Line too long (87/80)
C:2234: Line too long (120/80)
C:2270: Line too long (93/80)
C:2282: Line too long (91/80)
C:2318: Line too long (103/80)
C:2341: Line too long (92/80)
C:  1: Too many lines in module (2673)
C:  1: Missing docstring
C:  5: Invalid name "AreaChartJSONSampleData" (should match (([A-Z_][A-Z0-9_]*)|(__.*__))$)
C: 35:icicleColor: Invalid name "icicleColor" (should match [a-z_][a-z0-9_]{2,30}$)
C: 35:icicleColor: Missing docstring
C: 42:icicleColor: Invalid name "R" (should match [a-z_][a-z0-9_]{2,30}$)
C: 43:icicleColor: Invalid name "G" (should match [a-z_][a-z0-9_]{2,30}$)
C: 44:icicleColor: Invalid name "B" (should match [a-z_][a-z0-9_]{2,30}$)
W: 51:generateTree: Redefining built-in 'id'
C: 49:generateTree: Invalid name "generateTree" (should match [a-z_][a-z0-9_]{2,30}$)
C: 49:generateTree: Missing docstring
C: 50:generateTree: Comma not followed by a space
    val = randint(1,10)
                   ^^
C: 51:generateTree: Invalid name "id" (should match [a-z_][a-z0-9_]{2,30}$)
C: 69: Invalid name "IcicleJSONSampleData" (should match (([A-Z_][A-Z0-9_]*)|(__.*__))$)
C: 70: Invalid name "SpaceTreeJSONSampleData" (should match (([A-Z_][A-Z0-9_]*)|(__.*__))$)
C: 72: Invalid name "BarChartJSONSampleData" (should match (([A-Z_][A-Z0-9_]*)|(__.*__))$)
C: 73: Invalid name "PieChartJSONSampleData" (should match (([A-Z_][A-Z0-9_]*)|(__.*__))$)
C: 74: Invalid name "TreeMapJSONSampleData" (should match (([A-Z_][A-Z0-9_]*)|(__.*__))$)
C:932: Invalid name "ForceDirectedGraphJSONSampleData" (should match (([A-Z_][A-Z0-9_]*)|(__.*__))$)
C:1370: Invalid name "RadialGraphJSONSampleData" (should match (([A-Z_][A-Z0-9_]*)|(__.*__))$)
C:1728: Invalid name "SunburstJSONSampleData" (should match (([A-Z_][A-Z0-9_]*)|(__.*__))$)
C:2357: Invalid name "HyperTreeJSONSampleData" (should match (([A-Z_][A-Z0-9_]*)|(__.*__))$)
W:  3: Unused import random
************* Module tw2.jit.resources
E:  6: No name 'core' in module 'tw2'
F:  6: Unable to import 'tw2.core'
E:  8: No name 'core' in module 'tw2'
F:  8: Unable to import 'tw2.core.resources'
C: 36:CompoundJSSource.post_define: Invalid name "c" (should match [a-z_][a-z0-9_]{2,30}$)
C: 42:CompoundJSSource.post_define.DisabledJSSource: Missing docstring
W: 42:CompoundJSSource.post_define.DisabledJSSource: Class has no __init__ method
C: 43:CompoundJSSource.post_define.DisabledJSSource.display: Missing docstring
R: 43:CompoundJSSource.post_define.DisabledJSSource.display: Method could be a function
W: 43:CompoundJSSource.post_define.DisabledJSSource.display: Unused argument 'displays_on'
R: 42:CompoundJSSource.post_define.DisabledJSSource: Too few public methods (1/2)
C: 47:CompoundJSSource.post_define: Invalid name "c" (should match [a-z_][a-z0-9_]{2,30}$)
E: 55:CompoundJSSource.__init__: Use super on an old style class
C: 61:CompoundJSSource.children_deep: Missing docstring
C: 65:CompoundJSSource.children_deep: Invalid name "c" (should match [a-z_][a-z0-9_]{2,30}$)
C: 66:CompoundJSSource.children_deep: Invalid name "cc" (should match [a-z_][a-z0-9_]{2,30}$)
C: 69:CompoundJSSource.prepare: Missing docstring
E: 69:CompoundJSSource.prepare: Use super on an old style class
C: 71:CompoundJSSource.prepare: Invalid name "c" (should match [a-z_][a-z0-9_]{2,30}$)
W:  4: Unused import types
************* Module tw2.jit.__init__
W:  5: TODO -- this is *not* the right way to do this.
************* Module tw2.jit
C:  6: Invalid name "jit_base" (should match (([A-Z_][A-Z0-9_]*)|(__.*__))$)
W:  8: Relative import 'widgets', should be 'tw2.jit.widgets'
************* Module tw2.jit.widgets
C:  1: Missing docstring
************* Module tw2.jit.widgets.core
C: 20: Line too long (106/80)
C:164: Line too long (106/80)
W: 20: TODO -- the tw2 devtools give me __name__ as tw2.jit.widgets but the resources are all in tw2.jit/static
W: 24: TODO -- what's the right way to choose minified or not in tw2?
W: 30: TODO -- redo all of these with mako so we have examples of that and genshi
W:164: TODO - http://thejit.org/static/v20/Docs/files/Options/Options-Controller-js.html#Options.Controller
E:  7: No name 'core' in module 'tw2'
F:  7: Unable to import 'tw2.core'
E:  8: No name 'core' in module 'tw2'
F:  8: Unable to import 'tw2.core.resources'
E:  9: No name 'core' in module 'tw2'
F:  9: Unable to import 'tw2.core.resources'
E: 10: No name 'core' in module 'tw2'
F: 10: Unable to import 'tw2.core.resources'
E: 11: No name 'core' in module 'tw2'
F: 11: Unable to import 'tw2.core.resources'
E: 12: No name 'core' in module 'tw2'
F: 12: Unable to import 'tw2.core.widgets'
E: 13: No name 'core' in module 'tw2'
F: 13: Unable to import 'tw2.core.widgets'
C: 21: Invalid name "modname" (should match (([A-Z_][A-Z0-9_]*)|(__.*__))$)
C: 22: Invalid name "modname" (should match (([A-Z_][A-Z0-9_]*)|(__.*__))$)
C: 25: Invalid name "jit_yc_js" (should match (([A-Z_][A-Z0-9_]*)|(__.*__))$)
C: 26: Invalid name "jit_js" (should match (([A-Z_][A-Z0-9_]*)|(__.*__))$)
C: 27: Invalid name "jit_glue_js" (should match (([A-Z_][A-Z0-9_]*)|(__.*__))$)
C: 28: Invalid name "jit_css" (should match (([A-Z_][A-Z0-9_]*)|(__.*__))$)
W: 31:JitWidget: Class has no __init__ method
W: 49:JitWidget: Use of "property" on an old style class
C:140:JitWidget.prepare: Missing docstring
E:140:JitWidget.prepare: Use super on an old style class
E:149:JitWidget.prepare: Instance of 'JitWidget' has no 'attrs' member
R: 31:JitWidget: Too few public methods (1/2)
W:161:JitTreeOrGraphWidget: Class has no __init__ method
R:161:JitTreeOrGraphWidget: Too few public methods (1/2)
W: 18: Unused import JSONEncoder
W: 13: Unused import Widget
W: 11: Unused import encoder
W: 12: Unused import WidgetMeta
************* Module tw2.jit.widgets.graph
C: 25: Line too long (81/80)
C:  1: Missing docstring
E:  1: No name 'core' in module 'tw2'
F:  1: Unable to import 'tw2.core'
E:  2: No name 'core' in module 'tw2'
F:  2: Unable to import 'tw2.core.resources'
W:  7:JitGraph: Class has no __init__ method
R:  7:JitGraph: Too few public methods (1/2)
W: 11:RadialGraph: Class has no __init__ method
R: 11:RadialGraph: Too few public methods (1/2)
W: 24:ForceDirectedGraph: Class has no __init__ method
R: 24:ForceDirectedGraph: Too few public methods (1/2)
W:  2: Unused import JSSymbol
W:  5: Unused import jit_js
************* Module tw2.jit.widgets.tree
C: 62: Line too long (93/80)
W: 66: TODO - Node.Type 
C:  1: Missing docstring
E:  1: No name 'core' in module 'tw2'
F:  1: Unable to import 'tw2.core'
E:  2: No name 'core' in module 'tw2'
F:  2: Unable to import 'tw2.core.resources'
C:  7: Invalid name "treemap_css" (should match (([A-Z_][A-Z0-9_]*)|(__.*__))$)
C:  8: Invalid name "sunburst_css" (should match (([A-Z_][A-Z0-9_]*)|(__.*__))$)
W: 10:JitTree: Class has no __init__ method
R: 10:JitTree: Too few public methods (1/2)
W: 24:TreeMap: Class has no __init__ method
C: 33:TreeMap.prepare: Missing docstring
E: 33:TreeMap.prepare: Use super on an old style class
R: 24:TreeMap: Too few public methods (1/2)
W: 69:Sunburst: Class has no __init__ method
C: 75:Sunburst.prepare: Missing docstring
E: 75:Sunburst.prepare: Use super on an old style class
R: 69:Sunburst: Too few public methods (1/2)
C:100:HyperTree.prepare: Invalid name "h" (should match [a-z_][a-z0-9_]{2,30}$)
C: 99:HyperTree.prepare: Invalid name "w" (should match [a-z_][a-z0-9_]{2,30}$)
W: 85:HyperTree: Class has no __init__ method
C: 97:HyperTree.prepare: Missing docstring
E: 97:HyperTree.prepare: Use super on an old style class
R: 85:HyperTree: Too few public methods (1/2)
W:109:SpaceTree: Class has no __init__ method
R:109:SpaceTree: Too few public methods (1/2)
W:136:Icicle: Class has no __init__ method
R:136:Icicle: Too few public methods (1/2)
W:  5: Unused import jit_js
************* Module tw2.jit.widgets.chart
C:  1: Missing docstring
E:  1: No name 'core' in module 'tw2'
F:  1: Unable to import 'tw2.core'
W:  4:JitChart: Class has no __init__ method
R:  4:JitChart: Too few public methods (1/2)
W: 19:AreaChart: Class has no __init__ method
R: 19:AreaChart: Too few public methods (1/2)
W: 45:BarChart: Class has no __init__ method
R: 45:BarChart: Too few public methods (1/2)
W: 71:PieChart: Class has no __init__ method
R: 71:PieChart: Too few public methods (1/2)
************* Module tw2.jit.templates
C:  1: Missing docstring


Report
======
307 statements analysed.

Duplication
-----------

+-------------------------+------+---------+-----------+
|                         |now   |previous |difference |
+=========================+======+=========+===========+
|nb duplicated lines      |0     |0        |=          |
+-------------------------+------+---------+-----------+
|percent duplicated lines |0.000 |0.000    |=          |
+-------------------------+------+---------+-----------+



Raw metrics
-----------

+----------+-------+------+---------+-----------+
|type      |number |%     |previous |difference |
+==========+=======+======+=========+===========+
|code      |1426   |37.79 |1426     |=          |
+----------+-------+------+---------+-----------+
|docstring |2264   |60.01 |2264     |=          |
+----------+-------+------+---------+-----------+
|comment   |18     |0.48  |18       |=          |
+----------+-------+------+---------+-----------+
|empty     |65     |1.72  |65       |=          |
+----------+-------+------+---------+-----------+



External dependencies
---------------------
::

    random 
      \-randint (tw2.jit.samples_data)
      \-random (tw2.jit.samples_data)
    simplejson 
      \-JSONEncoder (tw2.jit.widgets.core)
    tw2 
      \-jit 
        \-jit_base (tw2.jit.widgets.core)
        \-resources 
        | \-CompoundJSSource (tw2.jit.widgets.core)
        \-samples_data 
        | \-AreaChartJSONSampleData (tw2.jit.samples)
        | \-BarChartJSONSampleData (tw2.jit.samples)
        | \-ForceDirectedGraphJSONSampleData (tw2.jit.samples)
        | \-HyperTreeJSONSampleData (tw2.jit.samples)
        | \-IcicleJSONSampleData (tw2.jit.samples)
        | \-PieChartJSONSampleData (tw2.jit.samples)
        | \-RadialGraphJSONSampleData (tw2.jit.samples)
        | \-SpaceTreeJSONSampleData (tw2.jit.samples)
        | \-SunburstJSONSampleData (tw2.jit.samples)
        | \-TreeMapJSONSampleData (tw2.jit.samples)
        \-widgets 
          \-AreaChart (tw2.jit.samples,tw2.jit)
          \-BarChart (tw2.jit.samples,tw2.jit)
          \-ForceDirectedGraph (tw2.jit.samples,tw2.jit)
          \-HyperTree (tw2.jit.samples,tw2.jit)
          \-Icicle (tw2.jit.samples,tw2.jit)
          \-PieChart (tw2.jit.samples,tw2.jit)
          \-RadialGraph (tw2.jit.samples,tw2.jit)
          \-SpaceTree (tw2.jit.samples,tw2.jit)
          \-Sunburst (tw2.jit.samples,tw2.jit)
          \-TreeMap (tw2.jit.samples,tw2.jit)
          \-chart 
          | \-AreaChart (tw2.jit.widgets)
          | \-BarChart (tw2.jit.widgets)
          | \-PieChart (tw2.jit.widgets)
          \-core 
          | \-JitTreeOrGraphWidget (tw2.jit.widgets.tree,tw2.jit.widgets.graph)
          | \-JitWidget (tw2.jit.widgets.chart)
          | \-jit_css (tw2.jit.widgets.tree)
          | \-jit_js (tw2.jit.widgets.tree,tw2.jit.widgets.graph)
          | \-modname (tw2.jit.widgets.tree)
          \-graph 
          | \-ForceDirectedGraph (tw2.jit.widgets)
          | \-RadialGraph (tw2.jit.widgets)
          \-tree 
            \-HyperTree (tw2.jit.widgets)
            \-Icicle (tw2.jit.widgets)
            \-SpaceTree (tw2.jit.widgets)
            \-Sunburst (tw2.jit.widgets)
            \-TreeMap (tw2.jit.widgets)



Statistics by type
------------------

+---------+-------+-----------+-----------+------------+---------+
|type     |number |old number |difference |%documented |%badname |
+=========+=======+===========+===========+============+=========+
|module   |11     |11         |=          |27.27       |0.00     |
+---------+-------+-----------+-----------+------------+---------+
|class    |27     |27         |=          |59.26       |0.00     |
+---------+-------+-----------+-----------+------------+---------+
|method   |9      |9          |=          |22.22       |0.00     |
+---------+-------+-----------+-----------+------------+---------+
|function |2      |2          |=          |0.00        |100.00   |
+---------+-------+-----------+-----------+------------+---------+



Messages by category
--------------------

+-----------+-------+---------+-----------+
|type       |number |previous |difference |
+===========+=======+=========+===========+
|convention |155    |155      |=          |
+-----------+-------+---------+-----------+
|refactor   |27     |27       |=          |
+-----------+-------+---------+-----------+
|warning    |46     |46       |=          |
+-----------+-------+---------+-----------+
|error      |22     |22       |=          |
+-----------+-------+---------+-----------+



% errors / warnings by module
-----------------------------

+----------------------+------+--------+---------+-----------+
|module                |error |warning |refactor |convention |
+======================+======+========+=========+===========+
|tw2.jit.widgets.core  |40.91 |23.91   |7.41     |5.81       |
+----------------------+------+--------+---------+-----------+
|tw2.jit.widgets.tree  |22.73 |17.39   |22.22    |5.81       |
+----------------------+------+--------+---------+-----------+
|tw2.jit.resources     |18.18 |6.52    |7.41     |5.81       |
+----------------------+------+--------+---------+-----------+
|tw2.jit.widgets.graph |9.09  |10.87   |11.11    |1.29       |
+----------------------+------+--------+---------+-----------+
|tw2.jit.samples       |4.55  |23.91   |37.04    |7.10       |
+----------------------+------+--------+---------+-----------+
|tw2.jit.widgets.chart |4.55  |8.70    |14.81    |0.65       |
+----------------------+------+--------+---------+-----------+
|tw2.jit.samples_data  |0.00  |4.35    |0.00     |70.97      |
+----------------------+------+--------+---------+-----------+
|tw2.jit.__init__      |0.00  |4.35    |0.00     |0.65       |
+----------------------+------+--------+---------+-----------+



Messages
--------

+-----------+------------+
|message id |occurrences |
+===========+============+
|C0301      |93          |
+-----------+------------+
|C0103      |32          |
+-----------+------------+
|C0111      |28          |
+-----------+------------+
|W0232      |26          |
+-----------+------------+
|R0903      |26          |
+-----------+------------+
|F0401      |15          |
+-----------+------------+
|E0611      |15          |
+-----------+------------+
|W0611      |9           |
+-----------+------------+
|W0511      |7           |
+-----------+------------+
|E1002      |6           |
+-----------+------------+
|W1001      |1           |
+-----------+------------+
|W0622      |1           |
+-----------+------------+
|W0613      |1           |
+-----------+------------+
|W0403      |1           |
+-----------+------------+
|R0201      |1           |
+-----------+------------+
|E1101      |1           |
+-----------+------------+
|C0324      |1           |
+-----------+------------+
|C0302      |1           |
+-----------+------------+



Global evaluation
-----------------
Your code has been rated at -1.01/10 (previous run: -1.01/10)

